==298597== Memcheck, a memory error detector
==298597== Copyright (C) 2002-2017, and GNU GPL'd, by Julian Seward et al.
==298597== Using Valgrind-3.18.1 and LibVEX; rerun with -h for copyright info
==298597== Command: ./minishell
==298597== Parent PID: 298596
==298597== 
==298601== 
==298601== HEAP SUMMARY:
==298601==     in use at exit: 208,235 bytes in 226 blocks
==298601==   total heap usage: 2,851 allocs, 2,625 frees, 1,066,112 bytes allocated
==298601== 
==298601== LEAK SUMMARY:
==298601==    definitely lost: 0 bytes in 0 blocks
==298601==    indirectly lost: 0 bytes in 0 blocks
==298601==      possibly lost: 0 bytes in 0 blocks
==298601==    still reachable: 0 bytes in 0 blocks
==298601==         suppressed: 208,235 bytes in 226 blocks
==298601== 
==298601== ERROR SUMMARY: 0 errors from 0 contexts (suppressed: 1 from 1)
--298601-- 
--298601-- used_suppression:     63 leak readline readline.supp:2 suppressed: 204,165 bytes in 222 blocks
--298601-- used_suppression:      4 leak add_history readline.supp:8 suppressed: 4,070 bytes in 4 blocks
==298601== 
==298601== ERROR SUMMARY: 0 errors from 0 contexts (suppressed: 1 from 1)
==298603== 
==298603== HEAP SUMMARY:
==298603==     in use at exit: 208,235 bytes in 226 blocks
==298603==   total heap usage: 2,831 allocs, 2,605 frees, 1,065,898 bytes allocated
==298603== 
==298603== LEAK SUMMARY:
==298603==    definitely lost: 0 bytes in 0 blocks
==298603==    indirectly lost: 0 bytes in 0 blocks
==298603==      possibly lost: 0 bytes in 0 blocks
==298603==    still reachable: 0 bytes in 0 blocks
==298603==         suppressed: 208,235 bytes in 226 blocks
==298603== 
==298603== ERROR SUMMARY: 0 errors from 0 contexts (suppressed: 1 from 1)
--298603-- 
--298603-- used_suppression:     63 leak readline readline.supp:2 suppressed: 204,165 bytes in 222 blocks
--298603-- used_suppression:      4 leak add_history readline.supp:8 suppressed: 4,070 bytes in 4 blocks
==298603== 
==298603== ERROR SUMMARY: 0 errors from 0 contexts (suppressed: 1 from 1)
==298608== 
==298608== HEAP SUMMARY:
==298608==     in use at exit: 208,307 bytes in 230 blocks
==298608==   total heap usage: 2,896 allocs, 2,666 frees, 1,071,257 bytes allocated
==298608== 
==298608== LEAK SUMMARY:
==298608==    definitely lost: 0 bytes in 0 blocks
==298608==    indirectly lost: 0 bytes in 0 blocks
==298608==      possibly lost: 0 bytes in 0 blocks
==298608==    still reachable: 0 bytes in 0 blocks
==298608==         suppressed: 208,307 bytes in 230 blocks
==298608== 
==298608== ERROR SUMMARY: 0 errors from 0 contexts (suppressed: 1 from 1)
--298608-- 
--298608-- used_suppression:     63 leak readline readline.supp:2 suppressed: 204,183 bytes in 223 blocks
--298608-- used_suppression:      4 leak add_history readline.supp:8 suppressed: 4,124 bytes in 7 blocks
==298608== 
==298608== ERROR SUMMARY: 0 errors from 0 contexts (suppressed: 1 from 1)
==298612== 
==298612== HEAP SUMMARY:
==298612==     in use at exit: 208,307 bytes in 230 blocks
==298612==   total heap usage: 2,884 allocs, 2,654 frees, 1,071,073 bytes allocated
==298612== 
==298612== LEAK SUMMARY:
==298612==    definitely lost: 0 bytes in 0 blocks
==298612==    indirectly lost: 0 bytes in 0 blocks
==298612==      possibly lost: 0 bytes in 0 blocks
==298612==    still reachable: 0 bytes in 0 blocks
==298612==         suppressed: 208,307 bytes in 230 blocks
==298612== 
==298612== ERROR SUMMARY: 0 errors from 0 contexts (suppressed: 1 from 1)
--298612-- 
--298612-- used_suppression:     63 leak readline readline.supp:2 suppressed: 204,183 bytes in 223 blocks
--298612-- used_suppression:      4 leak add_history readline.supp:8 suppressed: 4,124 bytes in 7 blocks
==298612== 
==298612== ERROR SUMMARY: 0 errors from 0 contexts (suppressed: 1 from 1)
==298597== 
==298597== HEAP SUMMARY:
==298597==     in use at exit: 208,443 bytes in 234 blocks
==298597==   total heap usage: 2,902 allocs, 2,668 frees, 1,075,871 bytes allocated
==298597== 
==298597== LEAK SUMMARY:
==298597==    definitely lost: 0 bytes in 0 blocks
==298597==    indirectly lost: 0 bytes in 0 blocks
==298597==      possibly lost: 0 bytes in 0 blocks
==298597==    still reachable: 0 bytes in 0 blocks
==298597==         suppressed: 208,443 bytes in 234 blocks
==298597== 
==298597== ERROR SUMMARY: 0 errors from 0 contexts (suppressed: 1 from 1)
--298597-- 
--298597-- used_suppression:     63 leak readline readline.supp:2 suppressed: 204,278 bytes in 224 blocks
--298597-- used_suppression:      4 leak add_history readline.supp:8 suppressed: 4,165 bytes in 10 blocks
==298597== 
==298597== ERROR SUMMARY: 0 errors from 0 contexts (suppressed: 1 from 1)
